c:\users\hitti\onedrive\documents\university work\thirdyear\advanced technologies\directx\collisions\collisions\debug\vc141.pdb
c:\users\hitti\onedrive\documents\university work\thirdyear\advanced technologies\directx\collisions\collisions\debug\vc141.idb
c:\users\hitti\onedrive\documents\university work\thirdyear\advanced technologies\directx\collisions\collisions\debug\winmain.obj
c:\users\hitti\onedrive\documents\university work\thirdyear\advanced technologies\directx\collisions\collisions\debug\triangle.obj
c:\users\hitti\onedrive\documents\university work\thirdyear\advanced technologies\directx\collisions\collisions\debug\transform.obj
c:\users\hitti\onedrive\documents\university work\thirdyear\advanced technologies\directx\collisions\collisions\debug\keyboardinput.obj
c:\users\hitti\onedrive\documents\university work\thirdyear\advanced technologies\directx\collisions\collisions\debug\geometry.obj
c:\users\hitti\onedrive\documents\university work\thirdyear\advanced technologies\directx\collisions\collisions\debug\dxapp.obj
c:\users\hitti\onedrive\documents\university work\thirdyear\advanced technologies\directx\collisions\collisions\debug\debug.obj
c:\users\hitti\onedrive\documents\university work\thirdyear\advanced technologies\directx\collisions\collisions\debug\rendercube.obj
c:\users\hitti\onedrive\documents\university work\thirdyear\advanced technologies\directx\collisions\collisions\debug\physicscube.obj
c:\users\hitti\onedrive\documents\university work\thirdyear\advanced technologies\directx\collisions\collisions\debug\cube.obj
c:\users\hitti\onedrive\documents\university work\thirdyear\advanced technologies\directx\collisions\collisions\debug\collisiondetection.obj
c:\users\hitti\onedrive\documents\university work\thirdyear\advanced technologies\directx\collisions\collisions\debug\camera.obj
c:\users\hitti\onedrive\documents\university work\thirdyear\advanced technologies\directx\collisions\collisions\debug\application.obj
c:\users\hitti\onedrive\documents\university work\thirdyear\advanced technologies\directx\collisions\debug\collisions.exe
c:\users\hitti\onedrive\documents\university work\thirdyear\advanced technologies\directx\collisions\debug\collisions.ilk
c:\users\hitti\onedrive\documents\university work\thirdyear\advanced technologies\directx\collisions\debug\collisions.pdb
c:\users\hitti\onedrive\documents\university work\thirdyear\advanced technologies\directx\collisions\collisions\debug\collisions.tlog\cl.command.1.tlog
c:\users\hitti\onedrive\documents\university work\thirdyear\advanced technologies\directx\collisions\collisions\debug\collisions.tlog\cl.read.1.tlog
c:\users\hitti\onedrive\documents\university work\thirdyear\advanced technologies\directx\collisions\collisions\debug\collisions.tlog\cl.write.1.tlog
c:\users\hitti\onedrive\documents\university work\thirdyear\advanced technologies\directx\collisions\collisions\debug\collisions.tlog\link.command.1.tlog
c:\users\hitti\onedrive\documents\university work\thirdyear\advanced technologies\directx\collisions\collisions\debug\collisions.tlog\link.read.1.tlog
c:\users\hitti\onedrive\documents\university work\thirdyear\advanced technologies\directx\collisions\collisions\debug\collisions.tlog\link.write.1.tlog
